# JRE version: Java(TM) SE Runtime Environment (8.0_144-b01) (build 1.8.0_144-b01)
# Java VM: Java HotSpot(TM) 64-Bit Server VM (25.144-b01 mixed mode windows-amd64 compressed oops)
Heap:
 PSYoungGen      total 74752K, used 68921K [0x00000000eb180000, 0x00000000f0680000, 0x0000000100000000)
  eden space 64000K, 94% used [0x00000000eb180000,0x00000000eeccb428,0x00000000ef000000)
  from space 10752K, 76% used [0x00000000efb00000,0x00000000f0303290,0x00000000f0580000)
  to   space 11264K, 0% used [0x00000000ef000000,0x00000000ef000000,0x00000000efb00000)
 ParOldGen       total 44032K, used 17559K [0x00000000c1400000, 0x00000000c3f00000, 0x00000000eb180000)
  object space 44032K, 39% used [0x00000000c1400000,0x00000000c2525ea0,0x00000000c3f00000)
 Metaspace       used 17562K, capacity 18077K, committed 18176K, reserved 1064960K
  class space    used 1866K, capacity 2019K, committed 2048K, reserved 1048576K
GC Heap History (10 events):
Event: 2.639 GC heap before
{Heap before GC invocations=4 (full 0):
 PSYoungGen      total 18944K, used 18935K [0x00000000eb180000, 0x00000000ec680000, 0x0000000100000000)
  eden space 16384K, 100% used [0x00000000eb180000,0x00000000ec180000,0x00000000ec180000)
  from space 2560K, 99% used [0x00000000ec180000,0x00000000ec3fde50,0x00000000ec400000)
  to   space 2560K, 0% used [0x00000000ec400000,0x00000000ec400000,0x00000000ec680000)
 ParOldGen       total 44032K, used 5963K [0x00000000c1400000, 0x00000000c3f00000, 0x00000000eb180000)
  object space 44032K, 13% used [0x00000000c1400000,0x00000000c19d2d48,0x00000000c3f00000)
 Metaspace       used 17114K, capacity 17581K, committed 17920K, reserved 1064960K
  class space    used 1816K, capacity 1975K, committed 2048K, reserved 1048576K
Event: 2.648 GC heap after
Heap after GC invocations=4 (full 0):
 PSYoungGen      total 18944K, used 2550K [0x00000000eb180000, 0x00000000ed680000, 0x0000000100000000)
  eden space 16384K, 0% used [0x00000000eb180000,0x00000000eb180000,0x00000000ec180000)
  from space 2560K, 99% used [0x00000000ec400000,0x00000000ec67d870,0x00000000ec680000)
  to   space 2560K, 0% used [0x00000000ec180000,0x00000000ec180000,0x00000000ec400000)
 ParOldGen       total 44032K, used 8831K [0x00000000c1400000, 0x00000000c3f00000, 0x00000000eb180000)
  object space 44032K, 20% used [0x00000000c1400000,0x00000000c1c9ff50,0x00000000c3f00000)
 Metaspace       used 17114K, capacity 17581K, committed 17920K, reserved 1064960K
  class space    used 1816K, capacity 1975K, committed 2048K, reserved 1048576K
}
Event: 2.865 GC heap before
{Heap before GC invocations=5 (full 0):
 PSYoungGen      total 18944K, used 18934K [0x00000000eb180000, 0x00000000ed680000, 0x0000000100000000)
  eden space 16384K, 100% used [0x00000000eb180000,0x00000000ec180000,0x00000000ec180000)
  from space 2560K, 99% used [0x00000000ec400000,0x00000000ec67d870,0x00000000ec680000)
  to   space 2560K, 0% used [0x00000000ec180000,0x00000000ec180000,0x00000000ec400000)
 ParOldGen       total 44032K, used 8831K [0x00000000c1400000, 0x00000000c3f00000, 0x00000000eb180000)
  object space 44032K, 20% used [0x00000000c1400000,0x00000000c1c9ff50,0x00000000c3f00000)
 Metaspace       used 17444K, capacity 17933K, committed 18176K, reserved 1064960K
  class space    used 1866K, capacity 2019K, committed 2048K, reserved 1048576K
Event: 2.880 GC heap after
Heap after GC invocations=5 (full 0):
 PSYoungGen      total 18944K, used 2538K [0x00000000eb180000, 0x00000000ee380000, 0x0000000100000000)
  eden space 16384K, 0% used [0x00000000eb180000,0x00000000eb180000,0x00000000ec180000)
  from space 2560K, 99% used [0x00000000ec180000,0x00000000ec3fabd0,0x00000000ec400000)
  to   space 9216K, 0% used [0x00000000eda80000,0x00000000eda80000,0x00000000ee380000)
 ParOldGen       total 44032K, used 15388K [0x00000000c1400000, 0x00000000c3f00000, 0x00000000eb180000)
  object space 44032K, 34% used [0x00000000c1400000,0x00000000c2307190,0x00000000c3f00000)
 Metaspace       used 17444K, capacity 17933K, committed 18176K, reserved 1064960K
  class space    used 1866K, capacity 2019K, committed 2048K, reserved 1048576K
}
Event: 2.989 GC heap before
{Heap before GC invocations=6 (full 0):
 PSYoungGen      total 18944K, used 18922K [0x00000000eb180000, 0x00000000ee380000, 0x0000000100000000)
  eden space 16384K, 100% used [0x00000000eb180000,0x00000000ec180000,0x00000000ec180000)
  from space 2560K, 99% used [0x00000000ec180000,0x00000000ec3fabd0,0x00000000ec400000)
  to   space 9216K, 0% used [0x00000000eda80000,0x00000000eda80000,0x00000000ee380000)
 ParOldGen       total 44032K, used 15388K [0x00000000c1400000, 0x00000000c3f00000, 0x00000000eb180000)
  object space 44032K, 34% used [0x00000000c1400000,0x00000000c2307190,0x00000000c3f00000)
 Metaspace       used 17445K, capacity 17933K, committed 18176K, reserved 1064960K
  class space    used 1866K, capacity 2019K, committed 2048K, reserved 1048576K
Event: 3.000 GC heap after
Heap after GC invocations=6 (full 0):
 PSYoungGen      total 41472K, used 2681K [0x00000000eb180000, 0x00000000ee480000, 0x0000000100000000)
  eden space 32256K, 0% used [0x00000000eb180000,0x00000000eb180000,0x00000000ed100000)
  from space 9216K, 29% used [0x00000000eda80000,0x00000000edd1e6e8,0x00000000ee380000)
  to   space 9728K, 0% used [0x00000000ed100000,0x00000000ed100000,0x00000000eda80000)
 ParOldGen       total 44032K, used 15388K [0x00000000c1400000, 0x00000000c3f00000, 0x00000000eb180000)
  object space 44032K, 34% used [0x00000000c1400000,0x00000000c2307190,0x00000000c3f00000)
 Metaspace       used 17445K, capacity 17933K, committed 18176K, reserved 1064960K
  class space    used 1866K, capacity 2019K, committed 2048K, reserved 1048576K
}
Event: 3.199 GC heap before
{Heap before GC invocations=7 (full 0):
 PSYoungGen      total 41472K, used 34937K [0x00000000eb180000, 0x00000000ee480000, 0x0000000100000000)
  eden space 32256K, 100% used [0x00000000eb180000,0x00000000ed100000,0x00000000ed100000)
  from space 9216K, 29% used [0x00000000eda80000,0x00000000edd1e6e8,0x00000000ee380000)
  to   space 9728K, 0% used [0x00000000ed100000,0x00000000ed100000,0x00000000eda80000)
 ParOldGen       total 44032K, used 15388K [0x00000000c1400000, 0x00000000c3f00000, 0x00000000eb180000)
  object space 44032K, 34% used [0x00000000c1400000,0x00000000c2307190,0x00000000c3f00000)
 Metaspace       used 17522K, capacity 18065K, committed 18176K, reserved 1064960K
  class space    used 1866K, capacity 2019K, committed 2048K, reserved 1048576K
Event: 3.217 GC heap after
Heap after GC invocations=7 (full 0):
 PSYoungGen      total 41984K, used 8480K [0x00000000eb180000, 0x00000000f0580000, 0x0000000100000000)
  eden space 32256K, 0% used [0x00000000eb180000,0x00000000eb180000,0x00000000ed100000)
  from space 9728K, 87% used [0x00000000ed100000,0x00000000ed9482e0,0x00000000eda80000)
  to   space 10752K, 0% used [0x00000000efb00000,0x00000000efb00000,0x00000000f0580000)
 ParOldGen       total 44032K, used 16710K [0x00000000c1400000, 0x00000000c3f00000, 0x00000000eb180000)
  object space 44032K, 37% used [0x00000000c1400000,0x00000000c24519a0,0x00000000c3f00000)
 Metaspace       used 17522K, capacity 18065K, committed 18176K, reserved 1064960K
  class space    used 1866K, capacity 2019K, committed 2048K, reserved 1048576K
}
Event: 3.262 GC heap before
{Heap before GC invocations=8 (full 0):
 PSYoungGen      total 41984K, used 40736K [0x00000000eb180000, 0x00000000f0580000, 0x0000000100000000)
  eden space 32256K, 100% used [0x00000000eb180000,0x00000000ed100000,0x00000000ed100000)
  from space 9728K, 87% used [0x00000000ed100000,0x00000000ed9482e0,0x00000000eda80000)
  to   space 10752K, 0% used [0x00000000efb00000,0x00000000efb00000,0x00000000f0580000)
 ParOldGen       total 44032K, used 16710K [0x00000000c1400000, 0x00000000c3f00000, 0x00000000eb180000)
  object space 44032K, 37% used [0x00000000c1400000,0x00000000c24519a0,0x00000000c3f00000)
 Metaspace       used 17522K, capacity 18065K, committed 18176K, reserved 1064960K
  class space    used 1866K, capacity 2019K, committed 2048K, reserved 1048576K
Event: 3.275 GC heap after
Heap after GC invocations=8 (full 0):
 PSYoungGen      total 74752K, used 8204K [0x00000000eb180000, 0x00000000f0680000, 0x0000000100000000)
  eden space 64000K, 0% used [0x00000000eb180000,0x00000000eb180000,0x00000000ef000000)
  from space 10752K, 76% used [0x00000000efb00000,0x00000000f0303290,0x00000000f0580000)
  to   space 11264K, 0% used [0x00000000ef000000,0x00000000ef000000,0x00000000efb00000)
 ParOldGen       total 44032K, used 17559K [0x00000000c1400000, 0x00000000c3f00000, 0x00000000eb180000)
  object space 44032K, 39% used [0x00000000c1400000,0x00000000c2525ea0,0x00000000c3f00000)
 Metaspace       used 17522K, capacity 18065K, committed 18176K, reserved 1064960K
  class space    used 1866K, capacity 2019K, committed 2048K, reserved 1048576K
}

